\BOOKMARK [0][-]{chapter.1}{\376\377\0001\000\040\000S\000y\000s\000t\000e\000m\000\040\000M\000o\000n\000i\000t\000o\000r\000o\000w\000a\000n\000i\000a\000\040\000C\000z\000u\000j\000n\000i\000k\000\363\000w}{}% 1
\BOOKMARK [1][-]{section.1.1}{\376\377\0001\000.\0001\000\040\000G\001\102\000\363\000w\000n\000e\000\040\000f\000u\000n\000k\000c\000j\000e}{chapter.1}% 2
\BOOKMARK [0][-]{chapter.2}{\376\377\0002\000\040\000I\000n\000d\000e\000k\000s\000\040\000h\000i\000e\000r\000a\000r\000c\000h\000i\000c\000z\000n\000y}{}% 3
\BOOKMARK [1][-]{section.2.1}{\376\377\0002\000.\0001\000\040\000H\000i\000e\000r\000a\000r\000c\000h\000i\000a\000\040\000k\000l\000a\000s}{chapter.2}% 4
\BOOKMARK [0][-]{chapter.3}{\376\377\0003\000\040\000I\000n\000d\000e\000k\000s\000\040\000s\000t\000r\000u\000k\000t\000u\000r\000\040\000d\000a\000n\000y\000c\000h}{}% 5
\BOOKMARK [1][-]{section.3.1}{\376\377\0003\000.\0001\000\040\000S\000t\000r\000u\000k\000t\000u\000r\000y\000\040\000d\000a\000n\000y\000c\000h}{chapter.3}% 6
\BOOKMARK [0][-]{chapter.4}{\376\377\0004\000\040\000I\000n\000d\000e\000k\000s\000\040\000p\000l\000i\000k\000\363\000w}{}% 7
\BOOKMARK [1][-]{section.4.1}{\376\377\0004\000.\0001\000\040\000L\000i\000s\000t\000a\000\040\000p\000l\000i\000k\000\363\000w}{chapter.4}% 8
\BOOKMARK [0][-]{chapter.5}{\376\377\0005\000\040\000D\000o\000k\000u\000m\000e\000n\000t\000a\000c\000j\000a\000\040\000s\000t\000r\000u\000k\000t\000u\000r\000\040\000d\000a\000n\000y\000c\000h}{}% 9
\BOOKMARK [1][-]{section.5.1}{\376\377\0005\000.\0001\000\040\000D\000o\000k\000u\000m\000e\000n\000t\000a\000c\000j\000a\000\040\000k\000l\000a\000s\000y\000\040\000M\000a\000i\000n\000W\000i\000n\000d\000o\000w}{chapter.5}% 10
\BOOKMARK [2][-]{subsection.5.1.1}{\376\377\0005\000.\0001\000.\0001\000\040\000O\000p\000i\000s\000\040\000s\000z\000c\000z\000e\000g\000\363\001\102\000o\000w\000y}{section.5.1}% 11
\BOOKMARK [2][-]{subsection.5.1.2}{\376\377\0005\000.\0001\000.\0002\000\040\000D\000o\000k\000u\000m\000e\000n\000t\000a\000c\000j\000a\000\040\000k\000o\000n\000s\000t\000r\000u\000k\000t\000o\000r\000a\000\040\000i\000\040\000d\000e\000s\000t\000r\000u\000k\000t\000o\000r\000a}{section.5.1}% 12
\BOOKMARK [3][-]{subsubsection.5.1.2.1}{\376\377\0005\000.\0001\000.\0002\000.\0001\000\040\000M\000a\000i\000n\000W\000i\000n\000d\000o\000w\000\050\000\051}{subsection.5.1.2}% 13
\BOOKMARK [3][-]{subsubsection.5.1.2.2}{\376\377\0005\000.\0001\000.\0002\000.\0002\000\040\000\040\000M\000a\000i\000n\000W\000i\000n\000d\000o\000w\000\050\000\051}{subsection.5.1.2}% 14
\BOOKMARK [2][-]{subsection.5.1.3}{\376\377\0005\000.\0001\000.\0003\000\040\000D\000o\000k\000u\000m\000e\000n\000t\000a\000c\000j\000a\000\040\000f\000u\000n\000k\000c\000j\000i\000\040\000s\000k\001\102\000a\000d\000o\000w\000y\000c\000h}{section.5.1}% 15
\BOOKMARK [3][-]{subsubsection.5.1.3.1}{\376\377\0005\000.\0001\000.\0003\000.\0001\000\040\000c\000h\000a\000n\000g\000e\000L\000a\000n\000g\000u\000a\000g\000e\000\050\000\051}{subsection.5.1.3}% 16
\BOOKMARK [3][-]{subsubsection.5.1.3.2}{\376\377\0005\000.\0001\000.\0003\000.\0002\000\040\000l\000o\000a\000d\000H\000i\000s\000t\000o\000r\000i\000c\000a\000l\000D\000a\000t\000a}{subsection.5.1.3}% 17
\BOOKMARK [3][-]{subsubsection.5.1.3.3}{\376\377\0005\000.\0001\000.\0003\000.\0003\000\040\000o\000n\000T\000i\000m\000e\000M\000a\000c\000h\000i\000n\000e\000C\000h\000a\000n\000g\000e\000d}{subsection.5.1.3}% 18
\BOOKMARK [3][-]{subsubsection.5.1.3.4}{\376\377\0005\000.\0001\000.\0003\000.\0004\000\040\000u\000p\000d\000a\000t\000e\000C\000h\000a\000r\000t\000T\000i\000t\000l\000e\000s\000\050\000\051}{subsection.5.1.3}% 19
\BOOKMARK [3][-]{subsubsection.5.1.3.5}{\376\377\0005\000.\0001\000.\0003\000.\0005\000\040\000u\000p\000d\000a\000t\000e\000I\000n\000t\000e\000r\000f\000a\000c\000e\000T\000e\000x\000t\000s\000\050\000\051}{subsection.5.1.3}% 20
\BOOKMARK [3][-]{subsubsection.5.1.3.6}{\376\377\0005\000.\0001\000.\0003\000.\0006\000\040\000u\000p\000d\000a\000t\000e\000S\000e\000n\000s\000o\000r\000D\000a\000t\000a}{subsection.5.1.3}% 21
\BOOKMARK [2][-]{subsection.5.1.4}{\376\377\0005\000.\0001\000.\0004\000\040\000D\000o\000k\000u\000m\000e\000n\000t\000a\000c\000j\000a\000\040\000p\000\363\000l}{section.5.1}% 22
\BOOKMARK [3][-]{subsubsection.5.1.4.1}{\376\377\0005\000.\0001\000.\0004\000.\0001\000\040\000a\000x\000i\000s\000X}{subsection.5.1.4}% 23
\BOOKMARK [3][-]{subsubsection.5.1.4.2}{\376\377\0005\000.\0001\000.\0004\000.\0002\000\040\000a\000x\000i\000s\000Y}{subsection.5.1.4}% 24
\BOOKMARK [3][-]{subsubsection.5.1.4.3}{\376\377\0005\000.\0001\000.\0004\000.\0003\000\040\000c\000h\000a\000r\000t}{subsection.5.1.4}% 25
\BOOKMARK [3][-]{subsubsection.5.1.4.4}{\376\377\0005\000.\0001\000.\0004\000.\0004\000\040\000c\000h\000a\000r\000t\000S\000e\000l\000e\000c\000t\000o\000r}{subsection.5.1.4}% 26
\BOOKMARK [3][-]{subsubsection.5.1.4.5}{\376\377\0005\000.\0001\000.\0004\000.\0005\000\040\000c\000h\000a\000r\000t\000S\000t\000a\000r\000t\000T\000i\000m\000e}{subsection.5.1.4}% 27
\BOOKMARK [3][-]{subsubsection.5.1.4.6}{\376\377\0005\000.\0001\000.\0004\000.\0006\000\040\000c\000h\000a\000r\000t\000V\000i\000e\000w}{subsection.5.1.4}% 28
\BOOKMARK [3][-]{subsubsection.5.1.4.7}{\376\377\0005\000.\0001\000.\0004\000.\0007\000\040\000c\000o\0002\000H\000u\000m\000L\000a\000b\000e\000l}{subsection.5.1.4}% 29
\BOOKMARK [3][-]{subsubsection.5.1.4.8}{\376\377\0005\000.\0001\000.\0004\000.\0008\000\040\000c\000o\0002\000L\000a\000b\000e\000l}{subsection.5.1.4}% 30
\BOOKMARK [3][-]{subsubsection.5.1.4.9}{\376\377\0005\000.\0001\000.\0004\000.\0009\000\040\000c\000o\0002\000S\000e\000r\000i\000e\000s}{subsection.5.1.4}% 31
\BOOKMARK [3][-]{subsubsection.5.1.4.10}{\376\377\0005\000.\0001\000.\0004\000.\0001\0000\000\040\000c\000o\0002\000S\000t\000a\000t\000u\000s\000L\000a\000b\000e\000l}{subsection.5.1.4}% 32
\BOOKMARK [3][-]{subsubsection.5.1.4.11}{\376\377\0005\000.\0001\000.\0004\000.\0001\0001\000\040\000c\000o\0002\000T\000e\000m\000p\000L\000a\000b\000e\000l}{subsection.5.1.4}% 33
\BOOKMARK [3][-]{subsubsection.5.1.4.12}{\376\377\0005\000.\0001\000.\0004\000.\0001\0002\000\040\000h\000o\000u\000r\0001\0002\000B\000u\000t\000t\000o\000n}{subsection.5.1.4}% 34
\BOOKMARK [3][-]{subsubsection.5.1.4.13}{\376\377\0005\000.\0001\000.\0004\000.\0001\0003\000\040\000h\000o\000u\000r\0001\000B\000u\000t\000t\000o\000n}{subsection.5.1.4}% 35
\BOOKMARK [3][-]{subsubsection.5.1.4.14}{\376\377\0005\000.\0001\000.\0004\000.\0001\0004\000\040\000h\000o\000u\000r\0002\0004\000B\000u\000t\000t\000o\000n}{subsection.5.1.4}% 36
\BOOKMARK [3][-]{subsubsection.5.1.4.15}{\376\377\0005\000.\0001\000.\0004\000.\0001\0005\000\040\000h\000o\000u\000r\0002\000B\000u\000t\000t\000o\000n}{subsection.5.1.4}% 37
\BOOKMARK [3][-]{subsubsection.5.1.4.16}{\376\377\0005\000.\0001\000.\0004\000.\0001\0006\000\040\000h\000o\000u\000r\0004\0008\000B\000u\000t\000t\000o\000n}{subsection.5.1.4}% 38
\BOOKMARK [3][-]{subsubsection.5.1.4.17}{\376\377\0005\000.\0001\000.\0004\000.\0001\0007\000\040\000h\000o\000u\000r\0004\000B\000u\000t\000t\000o\000n}{subsection.5.1.4}% 39
\BOOKMARK [3][-]{subsubsection.5.1.4.18}{\376\377\0005\000.\0001\000.\0004\000.\0001\0008\000\040\000h\000o\000u\000r\0007\0008\000B\000u\000t\000t\000o\000n}{subsection.5.1.4}% 40
\BOOKMARK [3][-]{subsubsection.5.1.4.19}{\376\377\0005\000.\0001\000.\0004\000.\0001\0009\000\040\000h\000o\000u\000r\0008\000B\000u\000t\000t\000o\000n}{subsection.5.1.4}% 41
\BOOKMARK [3][-]{subsubsection.5.1.4.20}{\376\377\0005\000.\0001\000.\0004\000.\0002\0000\000\040\000h\000u\000m\000i\000d\000i\000t\000y\000S\000e\000r\000i\000e\000s}{subsection.5.1.4}% 42
\BOOKMARK [3][-]{subsubsection.5.1.4.21}{\376\377\0005\000.\0001\000.\0004\000.\0002\0001\000\040\000i\000n\000t\000e\000r\000p\000r\000e\000t\000a\000t\000i\000o\000n\000F\000r\000a\000m\000e}{subsection.5.1.4}% 43
\BOOKMARK [3][-]{subsubsection.5.1.4.22}{\376\377\0005\000.\0001\000.\0004\000.\0002\0002\000\040\000l\000a\000n\000g\000u\000a\000g\000e\000S\000e\000l\000e\000c\000t\000o\000r}{subsection.5.1.4}% 44
\BOOKMARK [3][-]{subsubsection.5.1.4.23}{\376\377\0005\000.\0001\000.\0004\000.\0002\0003\000\040\000l\000o\000g\000g\000e\000r}{subsection.5.1.4}% 45
\BOOKMARK [3][-]{subsubsection.5.1.4.24}{\376\377\0005\000.\0001\000.\0004\000.\0002\0004\000\040\000p\000m\0001\0000\000L\000a\000b\000e\000l}{subsection.5.1.4}% 46
\BOOKMARK [3][-]{subsubsection.5.1.4.25}{\376\377\0005\000.\0001\000.\0004\000.\0002\0005\000\040\000p\000m\0001\0000\000S\000e\000r\000i\000e\000s}{subsection.5.1.4}% 47
\BOOKMARK [3][-]{subsubsection.5.1.4.26}{\376\377\0005\000.\0001\000.\0004\000.\0002\0006\000\040\000p\000m\0001\000L\000a\000b\000e\000l}{subsection.5.1.4}% 48
\BOOKMARK [3][-]{subsubsection.5.1.4.27}{\376\377\0005\000.\0001\000.\0004\000.\0002\0007\000\040\000p\000m\0001\000S\000e\000r\000i\000e\000s}{subsection.5.1.4}% 49
\BOOKMARK [3][-]{subsubsection.5.1.4.28}{\376\377\0005\000.\0001\000.\0004\000.\0002\0008\000\040\000p\000m\0002\0005\000L\000a\000b\000e\000l}{subsection.5.1.4}% 50
\BOOKMARK [3][-]{subsubsection.5.1.4.29}{\376\377\0005\000.\0001\000.\0004\000.\0002\0009\000\040\000p\000m\0002\0005\000S\000e\000r\000i\000e\000s}{subsection.5.1.4}% 51
\BOOKMARK [3][-]{subsubsection.5.1.4.30}{\376\377\0005\000.\0001\000.\0004\000.\0003\0000\000\040\000p\000m\000S\000t\000a\000t\000u\000s\000L\000a\000b\000e\000l}{subsection.5.1.4}% 52
\BOOKMARK [3][-]{subsubsection.5.1.4.31}{\376\377\0005\000.\0001\000.\0004\000.\0003\0001\000\040\000r\000a\000d\000i\000a\000t\000i\000o\000n\000D\000o\000s\000e\000L\000a\000b\000e\000l}{subsection.5.1.4}% 53
\BOOKMARK [3][-]{subsubsection.5.1.4.32}{\376\377\0005\000.\0001\000.\0004\000.\0003\0002\000\040\000r\000a\000d\000i\000a\000t\000i\000o\000n\000D\000o\000s\000e\000S\000e\000r\000i\000e\000s}{subsection.5.1.4}% 54
\BOOKMARK [3][-]{subsubsection.5.1.4.33}{\376\377\0005\000.\0001\000.\0004\000.\0003\0003\000\040\000r\000a\000d\000i\000a\000t\000i\000o\000n\000L\000a\000b\000e\000l}{subsection.5.1.4}% 55
\BOOKMARK [3][-]{subsubsection.5.1.4.34}{\376\377\0005\000.\0001\000.\0004\000.\0003\0004\000\040\000r\000a\000d\000i\000a\000t\000i\000o\000n\000S\000e\000r\000i\000e\000s}{subsection.5.1.4}% 56
\BOOKMARK [3][-]{subsubsection.5.1.4.35}{\376\377\0005\000.\0001\000.\0004\000.\0003\0005\000\040\000r\000a\000d\000i\000a\000t\000i\000o\000n\000S\000t\000a\000t\000u\000s\000L\000a\000b\000e\000l}{subsection.5.1.4}% 57
\BOOKMARK [3][-]{subsubsection.5.1.4.36}{\376\377\0005\000.\0001\000.\0004\000.\0003\0006\000\040\000s\000e\000n\000s\000o\000r\000D\000a\000t\000a\000F\000r\000a\000m\000e}{subsection.5.1.4}% 58
\BOOKMARK [3][-]{subsubsection.5.1.4.37}{\376\377\0005\000.\0001\000.\0004\000.\0003\0007\000\040\000s\000e\000n\000s\000o\000r\000R\000e\000a\000d\000e\000r}{subsection.5.1.4}% 59
\BOOKMARK [3][-]{subsubsection.5.1.4.38}{\376\377\0005\000.\0001\000.\0004\000.\0003\0008\000\040\000t\000e\000m\000p\000e\000r\000a\000t\000u\000r\000e\000S\000e\000r\000i\000e\000s}{subsection.5.1.4}% 60
\BOOKMARK [3][-]{subsubsection.5.1.4.39}{\376\377\0005\000.\0001\000.\0004\000.\0003\0009\000\040\000t\000i\000m\000e\000M\000a\000c\000h\000i\000n\000e\000G\000r\000o\000u\000p}{subsection.5.1.4}% 61
\BOOKMARK [3][-]{subsubsection.5.1.4.40}{\376\377\0005\000.\0001\000.\0004\000.\0004\0000\000\040\000t\000i\000m\000e\000M\000a\000c\000h\000i\000n\000e\000H\000o\000u\000r\000s}{subsection.5.1.4}% 62
\BOOKMARK [3][-]{subsubsection.5.1.4.41}{\376\377\0005\000.\0001\000.\0004\000.\0004\0001\000\040\000t\000i\000m\000e\000r}{subsection.5.1.4}% 63
\BOOKMARK [3][-]{subsubsection.5.1.4.42}{\376\377\0005\000.\0001\000.\0004\000.\0004\0002\000\040\000t\000r\000a\000n\000s\000l\000a\000t\000o\000r}{subsection.5.1.4}% 64
\BOOKMARK [1][-]{section.5.2}{\376\377\0005\000.\0002\000\040\000D\000o\000k\000u\000m\000e\000n\000t\000a\000c\000j\000a\000\040\000s\000t\000r\000u\000k\000t\000u\000r\000y\000\040\000S\000e\000n\000s\000o\000r\000D\000a\000t\000a}{chapter.5}% 65
\BOOKMARK [2][-]{subsection.5.2.1}{\376\377\0005\000.\0002\000.\0001\000\040\000O\000p\000i\000s\000\040\000s\000z\000c\000z\000e\000g\000\363\001\102\000o\000w\000y}{section.5.2}% 66
\BOOKMARK [2][-]{subsection.5.2.2}{\376\377\0005\000.\0002\000.\0002\000\040\000D\000o\000k\000u\000m\000e\000n\000t\000a\000c\000j\000a\000\040\000p\000\363\000l}{section.5.2}% 67
\BOOKMARK [3][-]{subsubsection.5.2.2.1}{\376\377\0005\000.\0002\000.\0002\000.\0001\000\040\000c\000o\0002}{subsection.5.2.2}% 68
\BOOKMARK [3][-]{subsubsection.5.2.2.2}{\376\377\0005\000.\0002\000.\0002\000.\0002\000\040\000c\000o\0002\000\137\000h\000u\000m}{subsection.5.2.2}% 69
\BOOKMARK [3][-]{subsubsection.5.2.2.3}{\376\377\0005\000.\0002\000.\0002\000.\0003\000\040\000c\000o\0002\000\137\000t\000e\000m\000p}{subsection.5.2.2}% 70
\BOOKMARK [3][-]{subsubsection.5.2.2.4}{\376\377\0005\000.\0002\000.\0002\000.\0004\000\040\000c\000r\000c}{subsection.5.2.2}% 71
\BOOKMARK [3][-]{subsubsection.5.2.2.5}{\376\377\0005\000.\0002\000.\0002\000.\0005\000\040\000c\000r\000c\000V\000a\000l\000i\000d}{subsection.5.2.2}% 72
\BOOKMARK [3][-]{subsubsection.5.2.2.6}{\376\377\0005\000.\0002\000.\0002\000.\0006\000\040\000p\000m\0001}{subsection.5.2.2}% 73
\BOOKMARK [3][-]{subsubsection.5.2.2.7}{\376\377\0005\000.\0002\000.\0002\000.\0007\000\040\000p\000m\0001\0000}{subsection.5.2.2}% 74
\BOOKMARK [3][-]{subsubsection.5.2.2.8}{\376\377\0005\000.\0002\000.\0002\000.\0008\000\040\000p\000m\0002\0005}{subsection.5.2.2}% 75
\BOOKMARK [3][-]{subsubsection.5.2.2.9}{\376\377\0005\000.\0002\000.\0002\000.\0009\000\040\000r\000a\000d\000i\000a\000t\000i\000o\000n}{subsection.5.2.2}% 76
\BOOKMARK [3][-]{subsubsection.5.2.2.10}{\376\377\0005\000.\0002\000.\0002\000.\0001\0000\000\040\000r\000a\000d\000i\000a\000t\000i\000o\000n\000\137\000d\000o\000s\000e\000\137\000p\000e\000r\000\137\000h\000o\000u\000r}{subsection.5.2.2}% 77
\BOOKMARK [3][-]{subsubsection.5.2.2.11}{\376\377\0005\000.\0002\000.\0002\000.\0001\0001\000\040\000t\000v\000o\000c}{subsection.5.2.2}% 78
\BOOKMARK [1][-]{section.5.3}{\376\377\0005\000.\0003\000\040\000D\000o\000k\000u\000m\000e\000n\000t\000a\000c\000j\000a\000\040\000k\000l\000a\000s\000y\000\040\000S\000e\000n\000s\000o\000r\000D\000a\000t\000a\000L\000o\000g\000g\000e\000r}{chapter.5}% 79
\BOOKMARK [2][-]{subsection.5.3.1}{\376\377\0005\000.\0003\000.\0001\000\040\000O\000p\000i\000s\000\040\000s\000z\000c\000z\000e\000g\000\363\001\102\000o\000w\000y}{section.5.3}% 80
\BOOKMARK [2][-]{subsection.5.3.2}{\376\377\0005\000.\0003\000.\0002\000\040\000D\000o\000k\000u\000m\000e\000n\000t\000a\000c\000j\000a\000\040\000k\000o\000n\000s\000t\000r\000u\000k\000t\000o\000r\000a\000\040\000i\000\040\000d\000e\000s\000t\000r\000u\000k\000t\000o\000r\000a}{section.5.3}% 81
\BOOKMARK [3][-]{subsubsection.5.3.2.1}{\376\377\0005\000.\0003\000.\0002\000.\0001\000\040\000S\000e\000n\000s\000o\000r\000D\000a\000t\000a\000L\000o\000g\000g\000e\000r\000\050\000\051}{subsection.5.3.2}% 82
\BOOKMARK [3][-]{subsubsection.5.3.2.2}{\376\377\0005\000.\0003\000.\0002\000.\0002\000\040\000\040\000S\000e\000n\000s\000o\000r\000D\000a\000t\000a\000L\000o\000g\000g\000e\000r\000\050\000\051}{subsection.5.3.2}% 83
\BOOKMARK [2][-]{subsection.5.3.3}{\376\377\0005\000.\0003\000.\0003\000\040\000D\000o\000k\000u\000m\000e\000n\000t\000a\000c\000j\000a\000\040\000f\000u\000n\000k\000c\000j\000i\000\040\000s\000k\001\102\000a\000d\000o\000w\000y\000c\000h}{section.5.3}% 84
\BOOKMARK [3][-]{subsubsection.5.3.3.1}{\376\377\0005\000.\0003\000.\0003\000.\0001\000\040\000l\000o\000g\000\050\000\051}{subsection.5.3.3}% 85
\BOOKMARK [3][-]{subsubsection.5.3.3.2}{\376\377\0005\000.\0003\000.\0003\000.\0002\000\040\000w\000r\000i\000t\000e\000H\000e\000a\000d\000e\000r\000I\000f\000N\000e\000e\000d\000e\000d\000\050\000\051}{subsection.5.3.3}% 86
\BOOKMARK [2][-]{subsection.5.3.4}{\376\377\0005\000.\0003\000.\0004\000\040\000D\000o\000k\000u\000m\000e\000n\000t\000a\000c\000j\000a\000\040\000p\000\363\000l}{section.5.3}% 87
\BOOKMARK [3][-]{subsubsection.5.3.4.1}{\376\377\0005\000.\0003\000.\0004\000.\0001\000\040\000f\000i\000l\000e}{subsection.5.3.4}% 88
\BOOKMARK [3][-]{subsubsection.5.3.4.2}{\376\377\0005\000.\0003\000.\0004\000.\0002\000\040\000h\000e\000a\000d\000e\000r\000W\000r\000i\000t\000t\000e\000n}{subsection.5.3.4}% 89
\BOOKMARK [3][-]{subsubsection.5.3.4.3}{\376\377\0005\000.\0003\000.\0004\000.\0003\000\040\000s\000t\000r\000e\000a\000m}{subsection.5.3.4}% 90
\BOOKMARK [1][-]{section.5.4}{\376\377\0005\000.\0004\000\040\000D\000o\000k\000u\000m\000e\000n\000t\000a\000c\000j\000a\000\040\000k\000l\000a\000s\000y\000\040\000S\000e\000n\000s\000o\000r\000R\000e\000a\000d\000e\000r}{chapter.5}% 91
\BOOKMARK [2][-]{subsection.5.4.1}{\376\377\0005\000.\0004\000.\0001\000\040\000O\000p\000i\000s\000\040\000s\000z\000c\000z\000e\000g\000\363\001\102\000o\000w\000y}{section.5.4}% 92
\BOOKMARK [2][-]{subsection.5.4.2}{\376\377\0005\000.\0004\000.\0002\000\040\000D\000o\000k\000u\000m\000e\000n\000t\000a\000c\000j\000a\000\040\000k\000o\000n\000s\000t\000r\000u\000k\000t\000o\000r\000a\000\040\000i\000\040\000d\000e\000s\000t\000r\000u\000k\000t\000o\000r\000a}{section.5.4}% 93
\BOOKMARK [3][-]{subsubsection.5.4.2.1}{\376\377\0005\000.\0004\000.\0002\000.\0001\000\040\000S\000e\000n\000s\000o\000r\000R\000e\000a\000d\000e\000r\000\050\000\051}{subsection.5.4.2}% 94
\BOOKMARK [3][-]{subsubsection.5.4.2.2}{\376\377\0005\000.\0004\000.\0002\000.\0002\000\040\000\040\000S\000e\000n\000s\000o\000r\000R\000e\000a\000d\000e\000r\000\050\000\051}{subsection.5.4.2}% 95
\BOOKMARK [2][-]{subsection.5.4.3}{\376\377\0005\000.\0004\000.\0003\000\040\000D\000o\000k\000u\000m\000e\000n\000t\000a\000c\000j\000a\000\040\000f\000u\000n\000k\000c\000j\000i\000\040\000s\000k\001\102\000a\000d\000o\000w\000y\000c\000h}{section.5.4}% 96
\BOOKMARK [3][-]{subsubsection.5.4.3.1}{\376\377\0005\000.\0004\000.\0003\000.\0001\000\040\000c\000a\000l\000c\000u\000l\000a\000t\000e\000C\000R\000C\000\050\000\051}{subsection.5.4.3}% 97
\BOOKMARK [3][-]{subsubsection.5.4.3.2}{\376\377\0005\000.\0004\000.\0003\000.\0002\000\040\000c\000l\000o\000s\000e\000P\000o\000r\000t\000\050\000\051}{subsection.5.4.3}% 98
\BOOKMARK [3][-]{subsubsection.5.4.3.3}{\376\377\0005\000.\0004\000.\0003\000.\0003\000\040\000g\000e\000t\000D\000a\000t\000a\000\050\000\051}{subsection.5.4.3}% 99
\BOOKMARK [3][-]{subsubsection.5.4.3.4}{\376\377\0005\000.\0004\000.\0003\000.\0004\000\040\000o\000p\000e\000n\000P\000o\000r\000t\000\050\000\051}{subsection.5.4.3}% 100
\BOOKMARK [3][-]{subsubsection.5.4.3.5}{\376\377\0005\000.\0004\000.\0003\000.\0005\000\040\000p\000a\000r\000s\000e\000S\000e\000n\000s\000o\000r\000D\000a\000t\000a\000\050\000\051}{subsection.5.4.3}% 101
\BOOKMARK [3][-]{subsubsection.5.4.3.6}{\376\377\0005\000.\0004\000.\0003\000.\0006\000\040\000r\000e\000a\000d\000D\000a\000t\000a\000\050\000\051}{subsection.5.4.3}% 102
\BOOKMARK [2][-]{subsection.5.4.4}{\376\377\0005\000.\0004\000.\0004\000\040\000D\000o\000k\000u\000m\000e\000n\000t\000a\000c\000j\000a\000\040\000p\000\363\000l}{section.5.4}% 103
\BOOKMARK [3][-]{subsubsection.5.4.4.1}{\376\377\0005\000.\0004\000.\0004\000.\0001\000\040\000b\000a\000u\000d\000r\000a\000t\000e}{subsection.5.4.4}% 104
\BOOKMARK [3][-]{subsubsection.5.4.4.2}{\376\377\0005\000.\0004\000.\0004\000.\0002\000\040\000b\000u\000f\000f\000e\000r}{subsection.5.4.4}% 105
\BOOKMARK [3][-]{subsubsection.5.4.4.3}{\376\377\0005\000.\0004\000.\0004\000.\0003\000\040\000d\000a\000t\000a}{subsection.5.4.4}% 106
\BOOKMARK [3][-]{subsubsection.5.4.4.4}{\376\377\0005\000.\0004\000.\0004\000.\0004\000\040\000p\000o\000r\000t\000n\000a\000m\000e}{subsection.5.4.4}% 107
\BOOKMARK [3][-]{subsubsection.5.4.4.5}{\376\377\0005\000.\0004\000.\0004\000.\0005\000\040\000s\000e\000r\000i\000a\000l\000\137\000d\000a\000t\000a}{subsection.5.4.4}% 108
\BOOKMARK [3][-]{subsubsection.5.4.4.6}{\376\377\0005\000.\0004\000.\0004\000.\0006\000\040\000s\000e\000r\000i\000a\000l\000\137\000p\000o\000r\000t}{subsection.5.4.4}% 109
\BOOKMARK [0][-]{chapter.6}{\376\377\0006\000\040\000D\000o\000k\000u\000m\000e\000n\000t\000a\000c\000j\000a\000\040\000p\000l\000i\000k\000\363\000w}{}% 110
\BOOKMARK [1][-]{section.6.1}{\376\377\0006\000.\0001\000\040\000D\000o\000k\000u\000m\000e\000n\000t\000a\000c\000j\000a\000\040\000p\000l\000i\000k\000u\000\040\000m\000a\000i\000n\000.\000c\000p\000p}{chapter.6}% 111
\BOOKMARK [2][-]{subsection.6.1.1}{\376\377\0006\000.\0001\000.\0001\000\040\000O\000p\000i\000s\000\040\000s\000z\000c\000z\000e\000g\000\363\001\102\000o\000w\000y}{section.6.1}% 112
\BOOKMARK [2][-]{subsection.6.1.2}{\376\377\0006\000.\0001\000.\0002\000\040\000D\000o\000k\000u\000m\000e\000n\000t\000a\000c\000j\000a\000\040\000d\000e\000f\000i\000n\000i\000c\000j\000i}{section.6.1}% 113
\BOOKMARK [3][-]{subsubsection.6.1.2.1}{\376\377\0006\000.\0001\000.\0002\000.\0001\000\040\000C\000L\000E\000A\000R}{subsection.6.1.2}% 114
\BOOKMARK [3][-]{subsubsection.6.1.2.2}{\376\377\0006\000.\0001\000.\0002\000.\0002\000\040\000G\000R\000E\000E\000N}{subsection.6.1.2}% 115
\BOOKMARK [3][-]{subsubsection.6.1.2.3}{\376\377\0006\000.\0001\000.\0002\000.\0003\000\040\000R\000E\000D}{subsection.6.1.2}% 116
\BOOKMARK [3][-]{subsubsection.6.1.2.4}{\376\377\0006\000.\0001\000.\0002\000.\0004\000\040\000R\000E\000S\000E\000T}{subsection.6.1.2}% 117
\BOOKMARK [2][-]{subsection.6.1.3}{\376\377\0006\000.\0001\000.\0003\000\040\000D\000o\000k\000u\000m\000e\000n\000t\000a\000c\000j\000a\000\040\000f\000u\000n\000k\000c\000j\000i}{section.6.1}% 118
\BOOKMARK [3][-]{subsubsection.6.1.3.1}{\376\377\0006\000.\0001\000.\0003\000.\0001\000\040\000m\000a\000i\000n\000\050\000\051}{subsection.6.1.3}% 119
\BOOKMARK [3][-]{subsubsection.6.1.3.2}{\376\377\0006\000.\0001\000.\0003\000.\0002\000\040\000p\000r\000i\000n\000t\000I\000n\000i\000t\000S\000t\000a\000t\000u\000s\000\050\000\051}{subsection.6.1.3}% 120
\BOOKMARK [1][-]{section.6.2}{\376\377\0006\000.\0002\000\040\000D\000o\000k\000u\000m\000e\000n\000t\000a\000c\000j\000a\000\040\000p\000l\000i\000k\000u\000\040\000M\000a\000i\000n\000W\000i\000n\000d\000o\000w\000.\000c\000p\000p}{chapter.6}% 121
\BOOKMARK [2][-]{subsection.6.2.1}{\376\377\0006\000.\0002\000.\0001\000\040\000O\000p\000i\000s\000\040\000s\000z\000c\000z\000e\000g\000\363\001\102\000o\000w\000y}{section.6.2}% 122
\BOOKMARK [2][-]{subsection.6.2.2}{\376\377\0006\000.\0002\000.\0002\000\040\000D\000o\000k\000u\000m\000e\000n\000t\000a\000c\000j\000a\000\040\000z\000m\000i\000e\000n\000n\000y\000c\000h}{section.6.2}% 123
\BOOKMARK [3][-]{subsubsection.6.2.2.1}{\376\377\0006\000.\0002\000.\0002\000.\0001\000\040\000C\000P\000S\000\137\000P\000E\000R\000\137\000U\000S\000V}{subsection.6.2.2}% 124
\BOOKMARK [3][-]{subsubsection.6.2.2.2}{\376\377\0006\000.\0002\000.\0002\000.\0002\000\040\000H\000I\000G\000H\000\137\000C\000O\0002}{subsection.6.2.2}% 125
\BOOKMARK [3][-]{subsubsection.6.2.2.3}{\376\377\0006\000.\0002\000.\0002\000.\0003\000\040\000H\000I\000G\000H\000\137\000P\000M\0001}{subsection.6.2.2}% 126
\BOOKMARK [3][-]{subsubsection.6.2.2.4}{\376\377\0006\000.\0002\000.\0002\000.\0004\000\040\000H\000I\000G\000H\000\137\000P\000M\0001\0000}{subsection.6.2.2}% 127
\BOOKMARK [3][-]{subsubsection.6.2.2.5}{\376\377\0006\000.\0002\000.\0002\000.\0005\000\040\000H\000I\000G\000H\000\137\000P\000M\0002\0005}{subsection.6.2.2}% 128
\BOOKMARK [3][-]{subsubsection.6.2.2.6}{\376\377\0006\000.\0002\000.\0002\000.\0006\000\040\000H\000I\000G\000H\000\137\000R\000A\000D\000I\000A\000T\000I\000O\000N}{subsection.6.2.2}% 129
\BOOKMARK [3][-]{subsubsection.6.2.2.7}{\376\377\0006\000.\0002\000.\0002\000.\0007\000\040\000M\000A\000X\000\137\000C\000O\0002}{subsection.6.2.2}% 130
\BOOKMARK [3][-]{subsubsection.6.2.2.8}{\376\377\0006\000.\0002\000.\0002\000.\0008\000\040\000M\000A\000X\000\137\000P\000M\0001}{subsection.6.2.2}% 131
\BOOKMARK [3][-]{subsubsection.6.2.2.9}{\376\377\0006\000.\0002\000.\0002\000.\0009\000\040\000M\000A\000X\000\137\000P\000M\0001\0000}{subsection.6.2.2}% 132
\BOOKMARK [3][-]{subsubsection.6.2.2.10}{\376\377\0006\000.\0002\000.\0002\000.\0001\0000\000\040\000M\000A\000X\000\137\000P\000M\0002\0005}{subsection.6.2.2}% 133
\BOOKMARK [3][-]{subsubsection.6.2.2.11}{\376\377\0006\000.\0002\000.\0002\000.\0001\0001\000\040\000M\000A\000X\000\137\000R\000A\000D\000I\000A\000T\000I\000O\000N}{subsection.6.2.2}% 134
\BOOKMARK [1][-]{section.6.3}{\376\377\0006\000.\0003\000\040\000D\000o\000k\000u\000m\000e\000n\000t\000a\000c\000j\000a\000\040\000p\000l\000i\000k\000u\000\040\000M\000a\000i\000n\000W\000i\000n\000d\000o\000w\000.\000h}{chapter.6}% 135
\BOOKMARK [2][-]{subsection.6.3.1}{\376\377\0006\000.\0003\000.\0001\000\040\000O\000p\000i\000s\000\040\000s\000z\000c\000z\000e\000g\000\363\001\102\000o\000w\000y}{section.6.3}% 136
\BOOKMARK [1][-]{section.6.4}{\376\377\0006\000.\0004\000\040\000M\000a\000i\000n\000W\000i\000n\000d\000o\000w\000.\000h}{chapter.6}% 137
\BOOKMARK [1][-]{section.6.5}{\376\377\0006\000.\0005\000\040\000D\000o\000k\000u\000m\000e\000n\000t\000a\000c\000j\000a\000\040\000p\000l\000i\000k\000u\000\040\000R\000E\000A\000D\000M\000E\000.\000m\000d}{chapter.6}% 138
\BOOKMARK [1][-]{section.6.6}{\376\377\0006\000.\0006\000\040\000D\000o\000k\000u\000m\000e\000n\000t\000a\000c\000j\000a\000\040\000p\000l\000i\000k\000u\000\040\000S\000e\000n\000s\000o\000r\000D\000a\000t\000a\000L\000o\000g\000g\000e\000r\000.\000c\000p\000p}{chapter.6}% 139
\BOOKMARK [2][-]{subsection.6.6.1}{\376\377\0006\000.\0006\000.\0001\000\040\000O\000p\000i\000s\000\040\000s\000z\000c\000z\000e\000g\000\363\001\102\000o\000w\000y}{section.6.6}% 140
\BOOKMARK [2][-]{subsection.6.6.2}{\376\377\0006\000.\0006\000.\0002\000\040\000D\000o\000k\000u\000m\000e\000n\000t\000a\000c\000j\000a\000\040\000z\000m\000i\000e\000n\000n\000y\000c\000h}{section.6.6}% 141
\BOOKMARK [3][-]{subsubsection.6.6.2.1}{\376\377\0006\000.\0006\000.\0002\000.\0001\000\040\000C\000P\000S\000\137\000P\000E\000R\000\137\000U\000S\000V}{subsection.6.6.2}% 142
\BOOKMARK [1][-]{section.6.7}{\376\377\0006\000.\0007\000\040\000D\000o\000k\000u\000m\000e\000n\000t\000a\000c\000j\000a\000\040\000p\000l\000i\000k\000u\000\040\000S\000e\000n\000s\000o\000r\000D\000a\000t\000a\000L\000o\000g\000g\000e\000r\000.\000h}{chapter.6}% 143
\BOOKMARK [2][-]{subsection.6.7.1}{\376\377\0006\000.\0007\000.\0001\000\040\000O\000p\000i\000s\000\040\000s\000z\000c\000z\000e\000g\000\363\001\102\000o\000w\000y}{section.6.7}% 144
\BOOKMARK [1][-]{section.6.8}{\376\377\0006\000.\0008\000\040\000S\000e\000n\000s\000o\000r\000D\000a\000t\000a\000L\000o\000g\000g\000e\000r\000.\000h}{chapter.6}% 145
\BOOKMARK [1][-]{section.6.9}{\376\377\0006\000.\0009\000\040\000D\000o\000k\000u\000m\000e\000n\000t\000a\000c\000j\000a\000\040\000p\000l\000i\000k\000u\000\040\000S\000e\000n\000s\000o\000r\000R\000e\000a\000d\000e\000r\000.\000c\000p\000p}{chapter.6}% 146
\BOOKMARK [1][-]{section.6.10}{\376\377\0006\000.\0001\0000\000\040\000D\000o\000k\000u\000m\000e\000n\000t\000a\000c\000j\000a\000\040\000p\000l\000i\000k\000u\000\040\000S\000e\000n\000s\000o\000r\000R\000e\000a\000d\000e\000r\000.\000h}{chapter.6}% 147
\BOOKMARK [1][-]{section.6.11}{\376\377\0006\000.\0001\0001\000\040\000S\000e\000n\000s\000o\000r\000R\000e\000a\000d\000e\000r\000.\000h}{chapter.6}% 148
